Started GET "/" for ::1 at 2020-02-15 16:33:31 +0000
Processing by Rails::WelcomeController#index as HTML
  Rendering /Users/student/.rvm/gems/ruby-2.6.3/gems/railties-5.1.7/lib/rails/templates/rails/welcome/index.html.erb
  Rendered /Users/student/.rvm/gems/ruby-2.6.3/gems/railties-5.1.7/lib/rails/templates/rails/welcome/index.html.erb (3.1ms)
Completed 200 OK in 150ms (Views: 7.4ms)


Started GET "/" for 127.0.0.1 at 2020-02-15 16:34:39 +0000
Processing by Rails::WelcomeController#index as */*
  Rendering /Users/student/.rvm/gems/ruby-2.6.3/gems/railties-5.1.7/lib/rails/templates/rails/welcome/index.html.erb
  Rendered /Users/student/.rvm/gems/ruby-2.6.3/gems/railties-5.1.7/lib/rails/templates/rails/welcome/index.html.erb (2.9ms)
Completed 200 OK in 232ms (Views: 9.2ms)


  [1m[35m (16.8ms)[0m  [1m[35mCREATE TABLE "schema_migrations" ("version" character varying NOT NULL PRIMARY KEY)[0m
  [1m[35m (2.9ms)[0m  [1m[35mCREATE TABLE "ar_internal_metadata" ("key" character varying NOT NULL PRIMARY KEY, "value" character varying, "created_at" timestamp NOT NULL, "updated_at" timestamp NOT NULL)[0m
  [1m[35m (1.1ms)[0m  [1m[34mSELECT pg_try_advisory_lock(2581154373457652055)[0m
  [1m[35m (0.7ms)[0m  [1m[34mSELECT "schema_migrations"."version" FROM "schema_migrations" ORDER BY "schema_migrations"."version" ASC[0m
  [1m[36mActiveRecord::InternalMetadata Load (0.5ms)[0m  [1m[34mSELECT  "ar_internal_metadata".* FROM "ar_internal_metadata" WHERE "ar_internal_metadata"."key" = $1 LIMIT $2[0m  [["key", "environment"], ["LIMIT", 1]]
  [1m[35m (0.1ms)[0m  [1m[35mBEGIN[0m
  [1m[35mSQL (3.3ms)[0m  [1m[32mINSERT INTO "ar_internal_metadata" ("key", "value", "created_at", "updated_at") VALUES ($1, $2, $3, $4) RETURNING "key"[0m  [["key", "environment"], ["value", "development"], ["created_at", "2020-02-15 16:49:40.920602"], ["updated_at", "2020-02-15 16:49:40.920602"]]
  [1m[35m (0.6ms)[0m  [1m[35mCOMMIT[0m
  [1m[35m (0.3ms)[0m  [1m[34mSELECT pg_advisory_unlock(2581154373457652055)[0m
  [1m[35m (0.2ms)[0m  [1m[34mSELECT "schema_migrations"."version" FROM "schema_migrations" ORDER BY "schema_migrations"."version" ASC[0m
Started GET "/" for ::1 at 2020-02-15 17:11:49 +0000
Processing by HomepageController#index as HTML
  Rendering homepage/index.html.erb within layouts/application
  Rendered homepage/index.html.erb within layouts/application (1.3ms)
Completed 200 OK in 458ms (Views: 245.1ms)


Started GET "/" for ::1 at 2020-02-15 17:12:17 +0000
Processing by HomepageController#index as HTML
  Rendering homepage/index.html.erb within layouts/application
  Rendered homepage/index.html.erb within layouts/application (0.6ms)
Completed 200 OK in 14ms (Views: 12.7ms)


Started GET "/" for ::1 at 2020-02-15 17:12:34 +0000
Processing by HomepageController#index as HTML
  Rendering homepage/index.html.erb within layouts/application
  Rendered homepage/index.html.erb within layouts/application (0.3ms)
Completed 200 OK in 9ms (Views: 8.2ms)


Started GET "/" for ::1 at 2020-02-15 17:12:35 +0000
Processing by HomepageController#index as HTML
  Rendering homepage/index.html.erb within layouts/application
  Rendered homepage/index.html.erb within layouts/application (0.4ms)
Completed 200 OK in 9ms (Views: 7.8ms)


Started GET "/" for ::1 at 2020-02-15 17:12:45 +0000
Processing by HomepageController#index as HTML
  Rendering homepage/index.html.erb within layouts/application
  Rendered homepage/index.html.erb within layouts/application (0.4ms)
Completed 200 OK in 10ms (Views: 9.3ms)


Started GET "/" for ::1 at 2020-02-15 17:12:56 +0000
Processing by HomepageController#index as HTML
  Rendering homepage/index.html.erb within layouts/application
  Rendered homepage/index.html.erb within layouts/application (0.4ms)
Completed 200 OK in 10ms (Views: 8.9ms)


